{"C:\\Users\\hassk\\Note2\\backend\\src\\crypto.js": {"path":"C:\\Users\\hassk\\Note2\\backend\\src\\crypto.js","statementMap":{"0":{"start":{"line":3,"column":18},"end":{"line":3,"column":31}},"1":{"start":{"line":4,"column":18},"end":{"line":4,"column":20}},"2":{"start":{"line":7,"column":17},"end":{"line":7,"column":48}},"3":{"start":{"line":8,"column":2},"end":{"line":8,"column":66}},"4":{"start":{"line":8,"column":15},"end":{"line":8,"column":66}},"5":{"start":{"line":9,"column":14},"end":{"line":9,"column":40}},"6":{"start":{"line":10,"column":2},"end":{"line":10,"column":85}},"7":{"start":{"line":10,"column":25},"end":{"line":10,"column":85}},"8":{"start":{"line":11,"column":2},"end":{"line":11,"column":13}},"9":{"start":{"line":16,"column":13},"end":{"line":16,"column":42}},"10":{"start":{"line":17,"column":17},"end":{"line":17,"column":63}},"11":{"start":{"line":18,"column":20},"end":{"line":18,"column":85}},"12":{"start":{"line":19,"column":14},"end":{"line":19,"column":33}},"13":{"start":{"line":20,"column":2},"end":{"line":20,"column":85}},"14":{"start":{"line":24,"column":2},"end":{"line":24,"column":26}},"15":{"start":{"line":24,"column":16},"end":{"line":24,"column":26}},"16":{"start":{"line":25,"column":40},"end":{"line":25,"column":58}},"17":{"start":{"line":26,"column":19},"end":{"line":26,"column":90}},"18":{"start":{"line":27,"column":2},"end":{"line":27,"column":50}},"19":{"start":{"line":28,"column":20},"end":{"line":28,"column":104}},"20":{"start":{"line":29,"column":2},"end":{"line":29,"column":36}}},"fnMap":{"0":{"name":"getKey","decl":{"start":{"line":6,"column":9},"end":{"line":6,"column":15}},"loc":{"start":{"line":6,"column":18},"end":{"line":12,"column":1}},"line":6},"1":{"name":"encryptNoteContent","decl":{"start":{"line":14,"column":16},"end":{"line":14,"column":34}},"loc":{"start":{"line":14,"column":46},"end":{"line":21,"column":1}},"line":14},"2":{"name":"decryptNoteContent","decl":{"start":{"line":23,"column":16},"end":{"line":23,"column":34}},"loc":{"start":{"line":23,"column":44},"end":{"line":30,"column":1}},"line":23}},"branchMap":{"0":{"loc":{"start":{"line":8,"column":2},"end":{"line":8,"column":66}},"type":"if","locations":[{"start":{"line":8,"column":2},"end":{"line":8,"column":66}},{"start":{},"end":{}}],"line":8},"1":{"loc":{"start":{"line":10,"column":2},"end":{"line":10,"column":85}},"type":"if","locations":[{"start":{"line":10,"column":2},"end":{"line":10,"column":85}},{"start":{},"end":{}}],"line":10},"2":{"loc":{"start":{"line":24,"column":2},"end":{"line":24,"column":26}},"type":"if","locations":[{"start":{"line":24,"column":2},"end":{"line":24,"column":26}},{"start":{},"end":{}}],"line":24}},"s":{"0":1,"1":1,"2":0,"3":0,"4":0,"5":0,"6":0,"7":0,"8":0,"9":0,"10":0,"11":0,"12":0,"13":0,"14":0,"15":0,"16":0,"17":0,"18":0,"19":0,"20":0},"f":{"0":0,"1":0,"2":0},"b":{"0":[0,0],"1":[0,0],"2":[0,0]},"_coverageSchema":"1a1c01bbd47fc00a2c39e90264f33305004495a9","hash":"8298afe7f8f1832219273f233b1cf98f3a7572d1"}
,"C:\\Users\\hassk\\Note2\\backend\\src\\db.js": {"path":"C:\\Users\\hassk\\Note2\\backend\\src\\db.js","statementMap":{"0":{"start":{"line":4,"column":0},"end":{"line":4,"column":37}},"1":{"start":{"line":7,"column":20},"end":{"line":13,"column":2}}},"fnMap":{},"branchMap":{},"s":{"0":1,"1":1},"f":{},"b":{},"_coverageSchema":"1a1c01bbd47fc00a2c39e90264f33305004495a9","hash":"00348dbd81d2acc91a22ca72fdf50ee578e52c74"}
,"C:\\Users\\hassk\\Note2\\backend\\src\\index.js": {"path":"C:\\Users\\hassk\\Note2\\backend\\src\\index.js","statementMap":{"0":{"start":{"line":11,"column":12},"end":{"line":11,"column":21}},"1":{"start":{"line":12,"column":0},"end":{"line":12,"column":24}},"2":{"start":{"line":13,"column":0},"end":{"line":13,"column":18}},"3":{"start":{"line":14,"column":0},"end":{"line":26,"column":2}},"4":{"start":{"line":17,"column":29},"end":{"line":17,"column":108}},"5":{"start":{"line":18,"column":6},"end":{"line":22,"column":7}},"6":{"start":{"line":19,"column":8},"end":{"line":19,"column":29}},"7":{"start":{"line":21,"column":8},"end":{"line":21,"column":51}},"8":{"start":{"line":27,"column":0},"end":{"line":27,"column":20}},"9":{"start":{"line":28,"column":0},"end":{"line":28,"column":30}},"10":{"start":{"line":30,"column":0},"end":{"line":30,"column":74}},"11":{"start":{"line":30,"column":34},"end":{"line":30,"column":72}},"12":{"start":{"line":32,"column":0},"end":{"line":52,"column":3}},"13":{"start":{"line":33,"column":30},"end":{"line":33,"column":38}},"14":{"start":{"line":34,"column":2},"end":{"line":34,"column":101}},"15":{"start":{"line":34,"column":27},"end":{"line":34,"column":101}},"16":{"start":{"line":36,"column":19},"end":{"line":36,"column":69}},"17":{"start":{"line":37,"column":2},"end":{"line":39,"column":3}},"18":{"start":{"line":38,"column":4},"end":{"line":38,"column":151}},"19":{"start":{"line":41,"column":13},"end":{"line":41,"column":41}},"20":{"start":{"line":42,"column":2},"end":{"line":42,"column":75}},"21":{"start":{"line":42,"column":12},"end":{"line":42,"column":75}},"22":{"start":{"line":44,"column":2},"end":{"line":51,"column":3}},"23":{"start":{"line":45,"column":17},"end":{"line":45,"column":71}},"24":{"start":{"line":46,"column":4},"end":{"line":46,"column":66}},"25":{"start":{"line":47,"column":4},"end":{"line":47,"column":44}},"26":{"start":{"line":48,"column":4},"end":{"line":48,"column":86}},"27":{"start":{"line":50,"column":4},"end":{"line":50,"column":68}},"28":{"start":{"line":54,"column":0},"end":{"line":64,"column":3}},"29":{"start":{"line":55,"column":26},"end":{"line":55,"column":34}},"30":{"start":{"line":56,"column":2},"end":{"line":56,"column":93}},"31":{"start":{"line":56,"column":23},"end":{"line":56,"column":93}},"32":{"start":{"line":58,"column":13},"end":{"line":58,"column":42}},"33":{"start":{"line":59,"column":2},"end":{"line":59,"column":90}},"34":{"start":{"line":59,"column":11},"end":{"line":59,"column":90}},"35":{"start":{"line":61,"column":15},"end":{"line":61,"column":43}},"36":{"start":{"line":62,"column":17},"end":{"line":62,"column":84}},"37":{"start":{"line":63,"column":2},"end":{"line":63,"column":92}},"38":{"start":{"line":66,"column":0},"end":{"line":80,"column":3}},"39":{"start":{"line":67,"column":30},"end":{"line":67,"column":38}},"40":{"start":{"line":68,"column":2},"end":{"line":68,"column":101}},"41":{"start":{"line":68,"column":27},"end":{"line":68,"column":101}},"42":{"start":{"line":70,"column":15},"end":{"line":70,"column":43}},"43":{"start":{"line":71,"column":2},"end":{"line":71,"column":75}},"44":{"start":{"line":71,"column":13},"end":{"line":71,"column":75}},"45":{"start":{"line":73,"column":2},"end":{"line":73,"column":116}},"46":{"start":{"line":73,"column":25},"end":{"line":73,"column":116}},"47":{"start":{"line":75,"column":16},"end":{"line":75,"column":54}},"48":{"start":{"line":76,"column":2},"end":{"line":76,"column":76}},"49":{"start":{"line":76,"column":14},"end":{"line":76,"column":76}},"50":{"start":{"line":78,"column":17},"end":{"line":78,"column":84}},"51":{"start":{"line":79,"column":2},"end":{"line":79,"column":92}},"52":{"start":{"line":83,"column":20},"end":{"line":88,"column":1}},"53":{"start":{"line":84,"column":2},"end":{"line":86,"column":3}},"54":{"start":{"line":85,"column":4},"end":{"line":85,"column":68}},"55":{"start":{"line":87,"column":2},"end":{"line":87,"column":9}},"56":{"start":{"line":90,"column":0},"end":{"line":97,"column":3}},"57":{"start":{"line":91,"column":2},"end":{"line":96,"column":3}},"58":{"start":{"line":92,"column":18},"end":{"line":92,"column":37}},"59":{"start":{"line":93,"column":4},"end":{"line":93,"column":31}},"60":{"start":{"line":95,"column":4},"end":{"line":95,"column":68}},"61":{"start":{"line":99,"column":0},"end":{"line":102,"column":3}},"62":{"start":{"line":100,"column":16},"end":{"line":100,"column":55}},"63":{"start":{"line":101,"column":2},"end":{"line":101,"column":29}},"64":{"start":{"line":104,"column":0},"end":{"line":109,"column":3}},"65":{"start":{"line":105,"column":35},"end":{"line":105,"column":43}},"66":{"start":{"line":106,"column":2},"end":{"line":106,"column":99}},"67":{"start":{"line":106,"column":26},"end":{"line":106,"column":99}},"68":{"start":{"line":107,"column":15},"end":{"line":107,"column":92}},"69":{"start":{"line":108,"column":2},"end":{"line":108,"column":40}},"70":{"start":{"line":111,"column":0},"end":{"line":124,"column":3}},"71":{"start":{"line":112,"column":15},"end":{"line":121,"column":4}},"72":{"start":{"line":122,"column":2},"end":{"line":122,"column":69}},"73":{"start":{"line":122,"column":13},"end":{"line":122,"column":69}},"74":{"start":{"line":123,"column":2},"end":{"line":123,"column":28}},"75":{"start":{"line":126,"column":0},"end":{"line":130,"column":3}},"76":{"start":{"line":127,"column":13},"end":{"line":127,"column":82}},"77":{"start":{"line":128,"column":2},"end":{"line":128,"column":67}},"78":{"start":{"line":128,"column":11},"end":{"line":128,"column":67}},"79":{"start":{"line":129,"column":2},"end":{"line":129,"column":32}},"80":{"start":{"line":132,"column":0},"end":{"line":156,"column":3}},"81":{"start":{"line":133,"column":32},"end":{"line":133,"column":40}},"82":{"start":{"line":134,"column":2},"end":{"line":136,"column":3}},"83":{"start":{"line":135,"column":4},"end":{"line":135,"column":95}},"84":{"start":{"line":138,"column":21},"end":{"line":138,"column":55}},"85":{"start":{"line":139,"column":2},"end":{"line":141,"column":3}},"86":{"start":{"line":140,"column":4},"end":{"line":140,"column":77}},"87":{"start":{"line":143,"column":2},"end":{"line":145,"column":3}},"88":{"start":{"line":144,"column":4},"end":{"line":144,"column":80}},"89":{"start":{"line":147,"column":15},"end":{"line":152,"column":4}},"90":{"start":{"line":154,"column":2},"end":{"line":154,"column":87}},"91":{"start":{"line":154,"column":13},"end":{"line":154,"column":87}},"92":{"start":{"line":155,"column":2},"end":{"line":155,"column":28}},"93":{"start":{"line":160,"column":0},"end":{"line":174,"column":1}},"94":{"start":{"line":161,"column":15},"end":{"line":161,"column":47}},"95":{"start":{"line":162,"column":2},"end":{"line":173,"column":5}},"96":{"start":{"line":163,"column":4},"end":{"line":163,"column":29}},"97":{"start":{"line":164,"column":4},"end":{"line":164,"column":28}},"98":{"start":{"line":165,"column":4},"end":{"line":165,"column":29}},"99":{"start":{"line":166,"column":4},"end":{"line":169,"column":7}},"100":{"start":{"line":168,"column":6},"end":{"line":168,"column":50}},"101":{"start":{"line":171,"column":4},"end":{"line":171,"column":52}},"102":{"start":{"line":172,"column":4},"end":{"line":172,"column":20}}},"fnMap":{"0":{"name":"(anonymous_0)","decl":{"start":{"line":16,"column":12},"end":{"line":16,"column":13}},"loc":{"start":{"line":16,"column":40},"end":{"line":23,"column":5}},"line":16},"1":{"name":"(anonymous_1)","decl":{"start":{"line":30,"column":19},"end":{"line":30,"column":20}},"loc":{"start":{"line":30,"column":34},"end":{"line":30,"column":72}},"line":30},"2":{"name":"(anonymous_2)","decl":{"start":{"line":32,"column":25},"end":{"line":32,"column":26}},"loc":{"start":{"line":32,"column":45},"end":{"line":52,"column":1}},"line":32},"3":{"name":"(anonymous_3)","decl":{"start":{"line":54,"column":31},"end":{"line":54,"column":32}},"loc":{"start":{"line":54,"column":51},"end":{"line":64,"column":1}},"line":54},"4":{"name":"(anonymous_4)","decl":{"start":{"line":66,"column":24},"end":{"line":66,"column":25}},"loc":{"start":{"line":66,"column":44},"end":{"line":80,"column":1}},"line":66},"5":{"name":"(anonymous_5)","decl":{"start":{"line":83,"column":20},"end":{"line":83,"column":21}},"loc":{"start":{"line":83,"column":40},"end":{"line":88,"column":1}},"line":83},"6":{"name":"(anonymous_6)","decl":{"start":{"line":90,"column":49},"end":{"line":90,"column":50}},"loc":{"start":{"line":90,"column":69},"end":{"line":97,"column":1}},"line":90},"7":{"name":"(anonymous_7)","decl":{"start":{"line":99,"column":30},"end":{"line":99,"column":31}},"loc":{"start":{"line":99,"column":50},"end":{"line":102,"column":1}},"line":99},"8":{"name":"(anonymous_8)","decl":{"start":{"line":104,"column":31},"end":{"line":104,"column":32}},"loc":{"start":{"line":104,"column":51},"end":{"line":109,"column":1}},"line":104},"9":{"name":"(anonymous_9)","decl":{"start":{"line":111,"column":36},"end":{"line":111,"column":37}},"loc":{"start":{"line":111,"column":56},"end":{"line":124,"column":1}},"line":111},"10":{"name":"(anonymous_10)","decl":{"start":{"line":126,"column":37},"end":{"line":126,"column":38}},"loc":{"start":{"line":126,"column":57},"end":{"line":130,"column":1}},"line":126},"11":{"name":"(anonymous_11)","decl":{"start":{"line":132,"column":41},"end":{"line":132,"column":42}},"loc":{"start":{"line":132,"column":61},"end":{"line":156,"column":1}},"line":132},"12":{"name":"(anonymous_12)","decl":{"start":{"line":162,"column":3},"end":{"line":162,"column":4}},"loc":{"start":{"line":162,"column":15},"end":{"line":170,"column":3}},"line":162},"13":{"name":"(anonymous_13)","decl":{"start":{"line":166,"column":21},"end":{"line":166,"column":22}},"loc":{"start":{"line":166,"column":27},"end":{"line":169,"column":5}},"line":166},"14":{"name":"(anonymous_14)","decl":{"start":{"line":170,"column":13},"end":{"line":170,"column":14}},"loc":{"start":{"line":170,"column":24},"end":{"line":173,"column":3}},"line":170}},"branchMap":{"0":{"loc":{"start":{"line":18,"column":6},"end":{"line":22,"column":7}},"type":"if","locations":[{"start":{"line":18,"column":6},"end":{"line":22,"column":7}},{"start":{"line":20,"column":13},"end":{"line":22,"column":7}}],"line":18},"1":{"loc":{"start":{"line":18,"column":10},"end":{"line":18,"column":52}},"type":"binary-expr","locations":[{"start":{"line":18,"column":10},"end":{"line":18,"column":17}},{"start":{"line":18,"column":21},"end":{"line":18,"column":52}}],"line":18},"2":{"loc":{"start":{"line":34,"column":2},"end":{"line":34,"column":101}},"type":"if","locations":[{"start":{"line":34,"column":2},"end":{"line":34,"column":101}},{"start":{},"end":{}}],"line":34},"3":{"loc":{"start":{"line":34,"column":6},"end":{"line":34,"column":25}},"type":"binary-expr","locations":[{"start":{"line":34,"column":6},"end":{"line":34,"column":12}},{"start":{"line":34,"column":16},"end":{"line":34,"column":25}}],"line":34},"4":{"loc":{"start":{"line":37,"column":2},"end":{"line":39,"column":3}},"type":"if","locations":[{"start":{"line":37,"column":2},"end":{"line":39,"column":3}},{"start":{},"end":{}}],"line":37},"5":{"loc":{"start":{"line":42,"column":2},"end":{"line":42,"column":75}},"type":"if","locations":[{"start":{"line":42,"column":2},"end":{"line":42,"column":75}},{"start":{},"end":{}}],"line":42},"6":{"loc":{"start":{"line":56,"column":2},"end":{"line":56,"column":93}},"type":"if","locations":[{"start":{"line":56,"column":2},"end":{"line":56,"column":93}},{"start":{},"end":{}}],"line":56},"7":{"loc":{"start":{"line":56,"column":6},"end":{"line":56,"column":21}},"type":"binary-expr","locations":[{"start":{"line":56,"column":6},"end":{"line":56,"column":12}},{"start":{"line":56,"column":16},"end":{"line":56,"column":21}}],"line":56},"8":{"loc":{"start":{"line":59,"column":2},"end":{"line":59,"column":90}},"type":"if","locations":[{"start":{"line":59,"column":2},"end":{"line":59,"column":90}},{"start":{},"end":{}}],"line":59},"9":{"loc":{"start":{"line":68,"column":2},"end":{"line":68,"column":101}},"type":"if","locations":[{"start":{"line":68,"column":2},"end":{"line":68,"column":101}},{"start":{},"end":{}}],"line":68},"10":{"loc":{"start":{"line":68,"column":6},"end":{"line":68,"column":25}},"type":"binary-expr","locations":[{"start":{"line":68,"column":6},"end":{"line":68,"column":12}},{"start":{"line":68,"column":16},"end":{"line":68,"column":25}}],"line":68},"11":{"loc":{"start":{"line":71,"column":2},"end":{"line":71,"column":75}},"type":"if","locations":[{"start":{"line":71,"column":2},"end":{"line":71,"column":75}},{"start":{},"end":{}}],"line":71},"12":{"loc":{"start":{"line":73,"column":2},"end":{"line":73,"column":116}},"type":"if","locations":[{"start":{"line":73,"column":2},"end":{"line":73,"column":116}},{"start":{},"end":{}}],"line":73},"13":{"loc":{"start":{"line":76,"column":2},"end":{"line":76,"column":76}},"type":"if","locations":[{"start":{"line":76,"column":2},"end":{"line":76,"column":76}},{"start":{},"end":{}}],"line":76},"14":{"loc":{"start":{"line":84,"column":2},"end":{"line":86,"column":3}},"type":"if","locations":[{"start":{"line":84,"column":2},"end":{"line":86,"column":3}},{"start":{},"end":{}}],"line":84},"15":{"loc":{"start":{"line":106,"column":2},"end":{"line":106,"column":99}},"type":"if","locations":[{"start":{"line":106,"column":2},"end":{"line":106,"column":99}},{"start":{},"end":{}}],"line":106},"16":{"loc":{"start":{"line":106,"column":6},"end":{"line":106,"column":24}},"type":"binary-expr","locations":[{"start":{"line":106,"column":6},"end":{"line":106,"column":12}},{"start":{"line":106,"column":16},"end":{"line":106,"column":24}}],"line":106},"17":{"loc":{"start":{"line":107,"column":79},"end":{"line":107,"column":89}},"type":"binary-expr","locations":[{"start":{"line":107,"column":79},"end":{"line":107,"column":83}},{"start":{"line":107,"column":87},"end":{"line":107,"column":89}}],"line":107},"18":{"loc":{"start":{"line":122,"column":2},"end":{"line":122,"column":69}},"type":"if","locations":[{"start":{"line":122,"column":2},"end":{"line":122,"column":69}},{"start":{},"end":{}}],"line":122},"19":{"loc":{"start":{"line":128,"column":2},"end":{"line":128,"column":67}},"type":"if","locations":[{"start":{"line":128,"column":2},"end":{"line":128,"column":67}},{"start":{},"end":{}}],"line":128},"20":{"loc":{"start":{"line":134,"column":2},"end":{"line":136,"column":3}},"type":"if","locations":[{"start":{"line":134,"column":2},"end":{"line":136,"column":3}},{"start":{},"end":{}}],"line":134},"21":{"loc":{"start":{"line":134,"column":6},"end":{"line":134,"column":58}},"type":"binary-expr","locations":[{"start":{"line":134,"column":6},"end":{"line":134,"column":18}},{"start":{"line":134,"column":22},"end":{"line":134,"column":58}}],"line":134},"22":{"loc":{"start":{"line":139,"column":2},"end":{"line":141,"column":3}},"type":"if","locations":[{"start":{"line":139,"column":2},"end":{"line":141,"column":3}},{"start":{},"end":{}}],"line":139},"23":{"loc":{"start":{"line":143,"column":2},"end":{"line":145,"column":3}},"type":"if","locations":[{"start":{"line":143,"column":2},"end":{"line":145,"column":3}},{"start":{},"end":{}}],"line":143},"24":{"loc":{"start":{"line":154,"column":2},"end":{"line":154,"column":87}},"type":"if","locations":[{"start":{"line":154,"column":2},"end":{"line":154,"column":87}},{"start":{},"end":{}}],"line":154},"25":{"loc":{"start":{"line":160,"column":0},"end":{"line":174,"column":1}},"type":"if","locations":[{"start":{"line":160,"column":0},"end":{"line":174,"column":1}},{"start":{},"end":{}}],"line":160},"26":{"loc":{"start":{"line":161,"column":22},"end":{"line":161,"column":46}},"type":"binary-expr","locations":[{"start":{"line":161,"column":22},"end":{"line":161,"column":38}},{"start":{"line":161,"column":42},"end":{"line":161,"column":46}}],"line":161}},"s":{"0":1,"1":1,"2":1,"3":1,"4":1,"5":1,"6":1,"7":0,"8":1,"9":1,"10":1,"11":1,"12":1,"13":0,"14":0,"15":0,"16":0,"17":0,"18":0,"19":0,"20":0,"21":0,"22":0,"23":0,"24":0,"25":0,"26":0,"27":0,"28":1,"29":0,"30":0,"31":0,"32":0,"33":0,"34":0,"35":0,"36":0,"37":0,"38":1,"39":0,"40":0,"41":0,"42":0,"43":0,"44":0,"45":0,"46":0,"47":0,"48":0,"49":0,"50":0,"51":0,"52":1,"53":0,"54":0,"55":0,"56":1,"57":0,"58":0,"59":0,"60":0,"61":1,"62":0,"63":0,"64":1,"65":0,"66":0,"67":0,"68":0,"69":0,"70":1,"71":0,"72":0,"73":0,"74":0,"75":1,"76":0,"77":0,"78":0,"79":0,"80":1,"81":0,"82":0,"83":0,"84":0,"85":0,"86":0,"87":0,"88":0,"89":0,"90":0,"91":0,"92":0,"93":1,"94":0,"95":0,"96":0,"97":0,"98":0,"99":0,"100":0,"101":0,"102":0},"f":{"0":1,"1":1,"2":0,"3":0,"4":0,"5":0,"6":0,"7":0,"8":0,"9":0,"10":0,"11":0,"12":0,"13":0,"14":0},"b":{"0":[1,0],"1":[1,0],"2":[0,0],"3":[0,0],"4":[0,0],"5":[0,0],"6":[0,0],"7":[0,0],"8":[0,0],"9":[0,0],"10":[0,0],"11":[0,0],"12":[0,0],"13":[0,0],"14":[0,0],"15":[0,0],"16":[0,0],"17":[0,0],"18":[0,0],"19":[0,0],"20":[0,0],"21":[0,0],"22":[0,0],"23":[0,0],"24":[0,0],"25":[0,1],"26":[0,0]},"_coverageSchema":"1a1c01bbd47fc00a2c39e90264f33305004495a9","hash":"aa562a14731c72400b43a56578b0bbcbdb2c960d"}
,"C:\\Users\\hassk\\Note2\\backend\\src\\mailer.js": {"path":"C:\\Users\\hassk\\Note2\\backend\\src\\mailer.js","statementMap":{"0":{"start":{"line":5,"column":2},"end":{"line":12,"column":3}},"1":{"start":{"line":6,"column":4},"end":{"line":6,"column":67}},"2":{"start":{"line":7,"column":4},"end":{"line":7,"column":45}},"3":{"start":{"line":8,"column":4},"end":{"line":8,"column":64}},"4":{"start":{"line":9,"column":4},"end":{"line":9,"column":68}},"5":{"start":{"line":10,"column":4},"end":{"line":10,"column":67}},"6":{"start":{"line":11,"column":4},"end":{"line":11,"column":11}},"7":{"start":{"line":14,"column":22},"end":{"line":22,"column":4}},"8":{"start":{"line":24,"column":2},"end":{"line":30,"column":5}}},"fnMap":{"0":{"name":"sendVerificationCode","decl":{"start":{"line":3,"column":22},"end":{"line":3,"column":42}},"loc":{"start":{"line":3,"column":56},"end":{"line":31,"column":1}},"line":3}},"branchMap":{"0":{"loc":{"start":{"line":5,"column":2},"end":{"line":12,"column":3}},"type":"if","locations":[{"start":{"line":5,"column":2},"end":{"line":12,"column":3}},{"start":{},"end":{}}],"line":5},"1":{"loc":{"start":{"line":16,"column":10},"end":{"line":16,"column":46}},"type":"binary-expr","locations":[{"start":{"line":16,"column":10},"end":{"line":16,"column":39}},{"start":{"line":16,"column":43},"end":{"line":16,"column":46}}],"line":16},"2":{"loc":{"start":{"line":25,"column":29},"end":{"line":25,"column":75}},"type":"binary-expr","locations":[{"start":{"line":25,"column":29},"end":{"line":25,"column":50}},{"start":{"line":25,"column":54},"end":{"line":25,"column":75}}],"line":25}},"s":{"0":0,"1":0,"2":0,"3":0,"4":0,"5":0,"6":0,"7":0,"8":0},"f":{"0":0},"b":{"0":[0,0],"1":[0,0],"2":[0,0]},"_coverageSchema":"1a1c01bbd47fc00a2c39e90264f33305004495a9","hash":"191e26d16c033adef82fe4e4b2770aa9347fd974"}
,"C:\\Users\\hassk\\Note2\\backend\\src\\middleware\\auth.js": {"path":"C:\\Users\\hassk\\Note2\\backend\\src\\middleware\\auth.js","statementMap":{"0":{"start":{"line":3,"column":19},"end":{"line":3,"column":24}},"1":{"start":{"line":4,"column":20},"end":{"line":4,"column":24}},"2":{"start":{"line":7,"column":21},"end":{"line":7,"column":48}},"3":{"start":{"line":8,"column":20},"end":{"line":8,"column":46}},"4":{"start":{"line":9,"column":2},"end":{"line":11,"column":3}},"5":{"start":{"line":10,"column":4},"end":{"line":10,"column":77}},"6":{"start":{"line":12,"column":2},"end":{"line":12,"column":35}},"7":{"start":{"line":16,"column":25},"end":{"line":16,"column":34}},"8":{"start":{"line":18,"column":22},"end":{"line":18,"column":98}},"9":{"start":{"line":19,"column":23},"end":{"line":19,"column":100}},"10":{"start":{"line":20,"column":2},"end":{"line":20,"column":39}},"11":{"start":{"line":24,"column":21},"end":{"line":24,"column":52}},"12":{"start":{"line":25,"column":16},"end":{"line":25,"column":75}},"13":{"start":{"line":26,"column":2},"end":{"line":26,"column":77}},"14":{"start":{"line":26,"column":14},"end":{"line":26,"column":77}},"15":{"start":{"line":28,"column":2},"end":{"line":34,"column":3}},"16":{"start":{"line":29,"column":26},"end":{"line":29,"column":35}},"17":{"start":{"line":30,"column":4},"end":{"line":30,"column":71}},"18":{"start":{"line":31,"column":4},"end":{"line":31,"column":18}},"19":{"start":{"line":33,"column":4},"end":{"line":33,"column":71}}},"fnMap":{"0":{"name":"getKeys","decl":{"start":{"line":6,"column":9},"end":{"line":6,"column":16}},"loc":{"start":{"line":6,"column":19},"end":{"line":13,"column":1}},"line":6},"1":{"name":"signTokenPair","decl":{"start":{"line":15,"column":16},"end":{"line":15,"column":29}},"loc":{"start":{"line":15,"column":39},"end":{"line":21,"column":1}},"line":15},"2":{"name":"verifyAuth","decl":{"start":{"line":23,"column":16},"end":{"line":23,"column":26}},"loc":{"start":{"line":23,"column":43},"end":{"line":35,"column":1}},"line":23}},"branchMap":{"0":{"loc":{"start":{"line":9,"column":2},"end":{"line":11,"column":3}},"type":"if","locations":[{"start":{"line":9,"column":2},"end":{"line":11,"column":3}},{"start":{},"end":{}}],"line":9},"1":{"loc":{"start":{"line":9,"column":6},"end":{"line":9,"column":31}},"type":"binary-expr","locations":[{"start":{"line":9,"column":6},"end":{"line":9,"column":17}},{"start":{"line":9,"column":21},"end":{"line":9,"column":31}}],"line":9},"2":{"loc":{"start":{"line":24,"column":21},"end":{"line":24,"column":52}},"type":"binary-expr","locations":[{"start":{"line":24,"column":21},"end":{"line":24,"column":46}},{"start":{"line":24,"column":50},"end":{"line":24,"column":52}}],"line":24},"3":{"loc":{"start":{"line":25,"column":16},"end":{"line":25,"column":75}},"type":"cond-expr","locations":[{"start":{"line":25,"column":51},"end":{"line":25,"column":70}},{"start":{"line":25,"column":73},"end":{"line":25,"column":75}}],"line":25},"4":{"loc":{"start":{"line":26,"column":2},"end":{"line":26,"column":77}},"type":"if","locations":[{"start":{"line":26,"column":2},"end":{"line":26,"column":77}},{"start":{},"end":{}}],"line":26}},"s":{"0":1,"1":1,"2":0,"3":0,"4":0,"5":0,"6":0,"7":0,"8":0,"9":0,"10":0,"11":0,"12":0,"13":0,"14":0,"15":0,"16":0,"17":0,"18":0,"19":0},"f":{"0":0,"1":0,"2":0},"b":{"0":[0,0],"1":[0,0],"2":[0,0],"3":[0,0],"4":[0,0]},"_coverageSchema":"1a1c01bbd47fc00a2c39e90264f33305004495a9","hash":"056bb2c534dd7f5af8e5afaad7af05a352a80c09"}
,"C:\\Users\\hassk\\Note2\\backend\\src\\middleware\\rateLimit.js": {"path":"C:\\Users\\hassk\\Note2\\backend\\src\\middleware\\rateLimit.js","statementMap":{"0":{"start":{"line":4,"column":26},"end":{"line":9,"column":2}},"1":{"start":{"line":12,"column":27},"end":{"line":17,"column":2}}},"fnMap":{},"branchMap":{},"s":{"0":1,"1":1},"f":{},"b":{},"_coverageSchema":"1a1c01bbd47fc00a2c39e90264f33305004495a9","hash":"a09cc38d3acff5df5b67ed50dae2ecbc808e60ec"}
,"C:\\Users\\hassk\\Note2\\backend\\src\\models\\note.js": {"path":"C:\\Users\\hassk\\Note2\\backend\\src\\models\\note.js","statementMap":{"0":{"start":{"line":5,"column":2},"end":{"line":19,"column":5}},"1":{"start":{"line":21,"column":2},"end":{"line":26,"column":5}},"2":{"start":{"line":30,"column":2},"end":{"line":34,"column":4}},"3":{"start":{"line":38,"column":2},"end":{"line":38,"column":123}},"4":{"start":{"line":42,"column":2},"end":{"line":42,"column":91}},"5":{"start":{"line":46,"column":17},"end":{"line":46,"column":81}},"6":{"start":{"line":47,"column":2},"end":{"line":49,"column":74}},"7":{"start":{"line":48,"column":21},"end":{"line":48,"column":59}},"8":{"start":{"line":49,"column":19},"end":{"line":49,"column":71}},"9":{"start":{"line":53,"column":14},"end":{"line":53,"column":33}},"10":{"start":{"line":55,"column":27},"end":{"line":55,"column":54}},"11":{"start":{"line":56,"column":17},"end":{"line":59,"column":3}},"12":{"start":{"line":60,"column":2},"end":{"line":60,"column":40}},"13":{"start":{"line":64,"column":19},"end":{"line":64,"column":78}},"14":{"start":{"line":65,"column":14},"end":{"line":65,"column":30}},"15":{"start":{"line":66,"column":2},"end":{"line":66,"column":67}},"16":{"start":{"line":66,"column":55},"end":{"line":66,"column":67}},"17":{"start":{"line":68,"column":19},"end":{"line":68,"column":58}},"18":{"start":{"line":69,"column":21},"end":{"line":69,"column":86}},"19":{"start":{"line":70,"column":27},"end":{"line":70,"column":57}},"20":{"start":{"line":71,"column":18},"end":{"line":71,"column":86}},"21":{"start":{"line":72,"column":22},"end":{"line":72,"column":73}},"22":{"start":{"line":73,"column":24},"end":{"line":73,"column":81}},"23":{"start":{"line":74,"column":23},"end":{"line":74,"column":77}},"24":{"start":{"line":76,"column":17},"end":{"line":79,"column":3}},"25":{"start":{"line":80,"column":2},"end":{"line":80,"column":52}},"26":{"start":{"line":84,"column":19},"end":{"line":84,"column":78}},"27":{"start":{"line":85,"column":14},"end":{"line":85,"column":30}},"28":{"start":{"line":86,"column":2},"end":{"line":86,"column":52}},"29":{"start":{"line":86,"column":39},"end":{"line":86,"column":52}},"30":{"start":{"line":87,"column":2},"end":{"line":87,"column":60}},"31":{"start":{"line":88,"column":2},"end":{"line":88,"column":14}},"32":{"start":{"line":92,"column":19},"end":{"line":92,"column":78}},"33":{"start":{"line":93,"column":14},"end":{"line":93,"column":30}},"34":{"start":{"line":94,"column":2},"end":{"line":94,"column":51}},"35":{"start":{"line":94,"column":39},"end":{"line":94,"column":51}},"36":{"start":{"line":96,"column":14},"end":{"line":96,"column":28}},"37":{"start":{"line":97,"column":2},"end":{"line":97,"column":32}},"38":{"start":{"line":98,"column":2},"end":{"line":98,"column":32}},"39":{"start":{"line":99,"column":2},"end":{"line":99,"column":42}},"40":{"start":{"line":100,"column":2},"end":{"line":100,"column":64}},"41":{"start":{"line":100,"column":42},"end":{"line":100,"column":62}},"42":{"start":{"line":101,"column":2},"end":{"line":101,"column":64}},"43":{"start":{"line":101,"column":42},"end":{"line":101,"column":62}},"44":{"start":{"line":103,"column":2},"end":{"line":103,"column":55}},"45":{"start":{"line":103,"column":25},"end":{"line":103,"column":55}},"46":{"start":{"line":104,"column":2},"end":{"line":104,"column":55}},"47":{"start":{"line":104,"column":25},"end":{"line":104,"column":55}},"48":{"start":{"line":106,"column":17},"end":{"line":109,"column":4}},"49":{"start":{"line":110,"column":2},"end":{"line":110,"column":84}}},"fnMap":{"0":{"name":"ensureNotesTable","decl":{"start":{"line":4,"column":22},"end":{"line":4,"column":38}},"loc":{"start":{"line":4,"column":41},"end":{"line":27,"column":1}},"line":4},"1":{"name":"defaultAcl","decl":{"start":{"line":29,"column":16},"end":{"line":29,"column":26}},"loc":{"start":{"line":29,"column":36},"end":{"line":35,"column":1}},"line":29},"2":{"name":"canView","decl":{"start":{"line":37,"column":9},"end":{"line":37,"column":16}},"loc":{"start":{"line":37,"column":39},"end":{"line":39,"column":1}},"line":37},"3":{"name":"canEdit","decl":{"start":{"line":41,"column":9},"end":{"line":41,"column":16}},"loc":{"start":{"line":41,"column":39},"end":{"line":43,"column":1}},"line":41},"4":{"name":"listAccessibleNotes","decl":{"start":{"line":45,"column":22},"end":{"line":45,"column":41}},"loc":{"start":{"line":45,"column":50},"end":{"line":50,"column":1}},"line":45},"5":{"name":"(anonymous_5)","decl":{"start":{"line":48,"column":12},"end":{"line":48,"column":13}},"loc":{"start":{"line":48,"column":21},"end":{"line":48,"column":59}},"line":48},"6":{"name":"(anonymous_6)","decl":{"start":{"line":49,"column":9},"end":{"line":49,"column":10}},"loc":{"start":{"line":49,"column":19},"end":{"line":49,"column":71}},"line":49},"7":{"name":"createNote","decl":{"start":{"line":52,"column":22},"end":{"line":52,"column":32}},"loc":{"start":{"line":52,"column":73},"end":{"line":61,"column":1}},"line":52},"8":{"name":"updateNote","decl":{"start":{"line":63,"column":22},"end":{"line":63,"column":32}},"loc":{"start":{"line":63,"column":107},"end":{"line":81,"column":1}},"line":63},"9":{"name":"deleteNote","decl":{"start":{"line":83,"column":22},"end":{"line":83,"column":32}},"loc":{"start":{"line":83,"column":49},"end":{"line":89,"column":1}},"line":83},"10":{"name":"shareNote","decl":{"start":{"line":91,"column":22},"end":{"line":91,"column":31}},"loc":{"start":{"line":91,"column":68},"end":{"line":111,"column":1}},"line":91},"11":{"name":"(anonymous_11)","decl":{"start":{"line":100,"column":33},"end":{"line":100,"column":34}},"loc":{"start":{"line":100,"column":42},"end":{"line":100,"column":62}},"line":100},"12":{"name":"(anonymous_12)","decl":{"start":{"line":101,"column":33},"end":{"line":101,"column":34}},"loc":{"start":{"line":101,"column":42},"end":{"line":101,"column":62}},"line":101}},"branchMap":{"0":{"loc":{"start":{"line":38,"column":9},"end":{"line":38,"column":122}},"type":"binary-expr","locations":[{"start":{"line":38,"column":9},"end":{"line":38,"column":27}},{"start":{"line":38,"column":31},"end":{"line":38,"column":58}},{"start":{"line":38,"column":62},"end":{"line":38,"column":90}},{"start":{"line":38,"column":94},"end":{"line":38,"column":122}}],"line":38},"1":{"loc":{"start":{"line":42,"column":9},"end":{"line":42,"column":90}},"type":"binary-expr","locations":[{"start":{"line":42,"column":9},"end":{"line":42,"column":27}},{"start":{"line":42,"column":31},"end":{"line":42,"column":58}},{"start":{"line":42,"column":62},"end":{"line":42,"column":90}}],"line":42},"2":{"loc":{"start":{"line":52,"column":60},"end":{"line":52,"column":69}},"type":"default-arg","locations":[{"start":{"line":52,"column":67},"end":{"line":52,"column":69}}],"line":52},"3":{"loc":{"start":{"line":66,"column":2},"end":{"line":66,"column":67}},"type":"if","locations":[{"start":{"line":66,"column":2},"end":{"line":66,"column":67}},{"start":{},"end":{}}],"line":66},"4":{"loc":{"start":{"line":66,"column":6},"end":{"line":66,"column":53}},"type":"binary-expr","locations":[{"start":{"line":66,"column":6},"end":{"line":66,"column":10}},{"start":{"line":66,"column":14},"end":{"line":66,"column":53}}],"line":66},"5":{"loc":{"start":{"line":68,"column":19},"end":{"line":68,"column":58}},"type":"cond-expr","locations":[{"start":{"line":68,"column":41},"end":{"line":68,"column":46}},{"start":{"line":68,"column":49},"end":{"line":68,"column":58}}],"line":68},"6":{"loc":{"start":{"line":69,"column":21},"end":{"line":69,"column":86}},"type":"cond-expr","locations":[{"start":{"line":69,"column":45},"end":{"line":69,"column":52}},{"start":{"line":69,"column":55},"end":{"line":69,"column":86}}],"line":69},"7":{"loc":{"start":{"line":71,"column":18},"end":{"line":71,"column":86}},"type":"cond-expr","locations":[{"start":{"line":71,"column":39},"end":{"line":71,"column":59}},{"start":{"line":71,"column":62},"end":{"line":71,"column":86}}],"line":71},"8":{"loc":{"start":{"line":72,"column":22},"end":{"line":72,"column":73}},"type":"cond-expr","locations":[{"start":{"line":72,"column":48},"end":{"line":72,"column":57}},{"start":{"line":72,"column":60},"end":{"line":72,"column":73}}],"line":72},"9":{"loc":{"start":{"line":73,"column":24},"end":{"line":73,"column":81}},"type":"cond-expr","locations":[{"start":{"line":73,"column":52},"end":{"line":73,"column":63}},{"start":{"line":73,"column":66},"end":{"line":73,"column":81}}],"line":73},"10":{"loc":{"start":{"line":74,"column":23},"end":{"line":74,"column":77}},"type":"cond-expr","locations":[{"start":{"line":74,"column":50},"end":{"line":74,"column":60}},{"start":{"line":74,"column":63},"end":{"line":74,"column":77}}],"line":74},"11":{"loc":{"start":{"line":86,"column":2},"end":{"line":86,"column":52}},"type":"if","locations":[{"start":{"line":86,"column":2},"end":{"line":86,"column":52}},{"start":{},"end":{}}],"line":86},"12":{"loc":{"start":{"line":86,"column":6},"end":{"line":86,"column":37}},"type":"binary-expr","locations":[{"start":{"line":86,"column":6},"end":{"line":86,"column":10}},{"start":{"line":86,"column":14},"end":{"line":86,"column":37}}],"line":86},"13":{"loc":{"start":{"line":94,"column":2},"end":{"line":94,"column":51}},"type":"if","locations":[{"start":{"line":94,"column":2},"end":{"line":94,"column":51}},{"start":{},"end":{}}],"line":94},"14":{"loc":{"start":{"line":94,"column":6},"end":{"line":94,"column":37}},"type":"binary-expr","locations":[{"start":{"line":94,"column":6},"end":{"line":94,"column":10}},{"start":{"line":94,"column":14},"end":{"line":94,"column":37}}],"line":94},"15":{"loc":{"start":{"line":97,"column":15},"end":{"line":97,"column":31}},"type":"binary-expr","locations":[{"start":{"line":97,"column":15},"end":{"line":97,"column":25}},{"start":{"line":97,"column":29},"end":{"line":97,"column":31}}],"line":97},"16":{"loc":{"start":{"line":98,"column":15},"end":{"line":98,"column":31}},"type":"binary-expr","locations":[{"start":{"line":98,"column":15},"end":{"line":98,"column":25}},{"start":{"line":98,"column":29},"end":{"line":98,"column":31}}],"line":98},"17":{"loc":{"start":{"line":99,"column":14},"end":{"line":99,"column":41}},"type":"binary-expr","locations":[{"start":{"line":99,"column":14},"end":{"line":99,"column":23}},{"start":{"line":99,"column":27},"end":{"line":99,"column":41}}],"line":99},"18":{"loc":{"start":{"line":103,"column":2},"end":{"line":103,"column":55}},"type":"if","locations":[{"start":{"line":103,"column":2},"end":{"line":103,"column":55}},{"start":{},"end":{}}],"line":103},"19":{"loc":{"start":{"line":104,"column":2},"end":{"line":104,"column":55}},"type":"if","locations":[{"start":{"line":104,"column":2},"end":{"line":104,"column":55}},{"start":{},"end":{}}],"line":104}},"s":{"0":0,"1":0,"2":0,"3":0,"4":0,"5":0,"6":0,"7":0,"8":0,"9":0,"10":0,"11":0,"12":0,"13":0,"14":0,"15":0,"16":0,"17":0,"18":0,"19":0,"20":0,"21":0,"22":0,"23":0,"24":0,"25":0,"26":0,"27":0,"28":0,"29":0,"30":0,"31":0,"32":0,"33":0,"34":0,"35":0,"36":0,"37":0,"38":0,"39":0,"40":0,"41":0,"42":0,"43":0,"44":0,"45":0,"46":0,"47":0,"48":0,"49":0},"f":{"0":0,"1":0,"2":0,"3":0,"4":0,"5":0,"6":0,"7":0,"8":0,"9":0,"10":0,"11":0,"12":0},"b":{"0":[0,0,0,0],"1":[0,0,0],"2":[0],"3":[0,0],"4":[0,0],"5":[0,0],"6":[0,0],"7":[0,0],"8":[0,0],"9":[0,0],"10":[0,0],"11":[0,0],"12":[0,0],"13":[0,0],"14":[0,0],"15":[0,0],"16":[0,0],"17":[0,0],"18":[0,0],"19":[0,0]},"_coverageSchema":"1a1c01bbd47fc00a2c39e90264f33305004495a9","hash":"8d49e4a1e4a2b8ea8c1b842953f70478ea2e9860"}
,"C:\\Users\\hassk\\Note2\\backend\\src\\models\\user.js": {"path":"C:\\Users\\hassk\\Note2\\backend\\src\\models\\user.js","statementMap":{"0":{"start":{"line":4,"column":20},"end":{"line":4,"column":22}},"1":{"start":{"line":7,"column":2},"end":{"line":17,"column":5}},"2":{"start":{"line":19,"column":2},"end":{"line":23,"column":5}},"3":{"start":{"line":27,"column":21},"end":{"line":27,"column":44}},"4":{"start":{"line":28,"column":24},"end":{"line":28,"column":50}},"5":{"start":{"line":30,"column":2},"end":{"line":33,"column":3}},"6":{"start":{"line":31,"column":4},"end":{"line":31,"column":96}},"7":{"start":{"line":32,"column":4},"end":{"line":32,"column":11}},"8":{"start":{"line":35,"column":19},"end":{"line":35,"column":52}},"9":{"start":{"line":36,"column":2},"end":{"line":46,"column":3}},"10":{"start":{"line":37,"column":4},"end":{"line":37,"column":69}},"11":{"start":{"line":38,"column":4},"end":{"line":38,"column":72}},"12":{"start":{"line":41,"column":25},"end":{"line":41,"column":70}},"13":{"start":{"line":42,"column":4},"end":{"line":45,"column":6}},"14":{"start":{"line":51,"column":23},"end":{"line":51,"column":63}},"15":{"start":{"line":52,"column":17},"end":{"line":55,"column":3}},"16":{"start":{"line":56,"column":2},"end":{"line":56,"column":24}},"17":{"start":{"line":60,"column":17},"end":{"line":63,"column":3}},"18":{"start":{"line":64,"column":2},"end":{"line":64,"column":29}},"19":{"start":{"line":68,"column":17},"end":{"line":68,"column":82}},"20":{"start":{"line":69,"column":2},"end":{"line":69,"column":32}},"21":{"start":{"line":73,"column":17},"end":{"line":73,"column":120}},"22":{"start":{"line":74,"column":2},"end":{"line":74,"column":21}},"23":{"start":{"line":78,"column":2},"end":{"line":78,"column":54}}},"fnMap":{"0":{"name":"ensureUsersTable","decl":{"start":{"line":6,"column":22},"end":{"line":6,"column":38}},"loc":{"start":{"line":6,"column":41},"end":{"line":24,"column":1}},"line":6},"1":{"name":"ensureAdminUser","decl":{"start":{"line":26,"column":22},"end":{"line":26,"column":37}},"loc":{"start":{"line":26,"column":40},"end":{"line":47,"column":1}},"line":26},"2":{"name":"createUser","decl":{"start":{"line":49,"column":22},"end":{"line":49,"column":32}},"loc":{"start":{"line":49,"column":110},"end":{"line":57,"column":1}},"line":49},"3":{"name":"verifyUser","decl":{"start":{"line":59,"column":22},"end":{"line":59,"column":32}},"loc":{"start":{"line":59,"column":46},"end":{"line":65,"column":1}},"line":59},"4":{"name":"findUserByEmail","decl":{"start":{"line":67,"column":22},"end":{"line":67,"column":37}},"loc":{"start":{"line":67,"column":45},"end":{"line":70,"column":1}},"line":67},"5":{"name":"getAllUsers","decl":{"start":{"line":72,"column":22},"end":{"line":72,"column":33}},"loc":{"start":{"line":72,"column":36},"end":{"line":75,"column":1}},"line":72},"6":{"name":"validatePassword","decl":{"start":{"line":77,"column":22},"end":{"line":77,"column":38}},"loc":{"start":{"line":77,"column":55},"end":{"line":79,"column":1}},"line":77}},"branchMap":{"0":{"loc":{"start":{"line":30,"column":2},"end":{"line":33,"column":3}},"type":"if","locations":[{"start":{"line":30,"column":2},"end":{"line":33,"column":3}},{"start":{},"end":{}}],"line":30},"1":{"loc":{"start":{"line":30,"column":6},"end":{"line":30,"column":35}},"type":"binary-expr","locations":[{"start":{"line":30,"column":6},"end":{"line":30,"column":17}},{"start":{"line":30,"column":21},"end":{"line":30,"column":35}}],"line":30},"2":{"loc":{"start":{"line":36,"column":2},"end":{"line":46,"column":3}},"type":"if","locations":[{"start":{"line":36,"column":2},"end":{"line":46,"column":3}},{"start":{"line":39,"column":9},"end":{"line":46,"column":3}}],"line":36},"3":{"loc":{"start":{"line":49,"column":50},"end":{"line":49,"column":63}},"type":"default-arg","locations":[{"start":{"line":49,"column":57},"end":{"line":49,"column":63}}],"line":49},"4":{"loc":{"start":{"line":49,"column":65},"end":{"line":49,"column":83}},"type":"default-arg","locations":[{"start":{"line":49,"column":78},"end":{"line":49,"column":83}}],"line":49},"5":{"loc":{"start":{"line":49,"column":85},"end":{"line":49,"column":108}},"type":"default-arg","locations":[{"start":{"line":49,"column":104},"end":{"line":49,"column":108}}],"line":49},"6":{"loc":{"start":{"line":69,"column":9},"end":{"line":69,"column":31}},"type":"binary-expr","locations":[{"start":{"line":69,"column":9},"end":{"line":69,"column":23}},{"start":{"line":69,"column":27},"end":{"line":69,"column":31}}],"line":69}},"s":{"0":1,"1":0,"2":0,"3":0,"4":0,"5":0,"6":0,"7":0,"8":0,"9":0,"10":0,"11":0,"12":0,"13":0,"14":0,"15":0,"16":0,"17":0,"18":0,"19":0,"20":0,"21":0,"22":0,"23":0},"f":{"0":0,"1":0,"2":0,"3":0,"4":0,"5":0,"6":0},"b":{"0":[0,0],"1":[0,0],"2":[0,0],"3":[0],"4":[0],"5":[0],"6":[0,0]},"_coverageSchema":"1a1c01bbd47fc00a2c39e90264f33305004495a9","hash":"a6025e7bae4df88d7893d2557c3322ce38af0cb7"}
}
