{"C:\\Users\\Arya shrestha\\Music\\proj\\backend\\src\\crypto.js": {"path":"C:\\Users\\Arya shrestha\\Music\\proj\\backend\\src\\crypto.js","statementMap":{"0":{"start":{"line":3,"column":18},"end":{"line":3,"column":31}},"1":{"start":{"line":4,"column":18},"end":{"line":4,"column":20}},"2":{"start":{"line":7,"column":17},"end":{"line":7,"column":48}},"3":{"start":{"line":8,"column":2},"end":{"line":8,"column":66}},"4":{"start":{"line":8,"column":15},"end":{"line":8,"column":66}},"5":{"start":{"line":9,"column":14},"end":{"line":9,"column":40}},"6":{"start":{"line":10,"column":2},"end":{"line":10,"column":85}},"7":{"start":{"line":10,"column":25},"end":{"line":10,"column":85}},"8":{"start":{"line":11,"column":2},"end":{"line":11,"column":13}},"9":{"start":{"line":16,"column":13},"end":{"line":16,"column":42}},"10":{"start":{"line":17,"column":17},"end":{"line":17,"column":63}},"11":{"start":{"line":18,"column":20},"end":{"line":18,"column":85}},"12":{"start":{"line":19,"column":14},"end":{"line":19,"column":33}},"13":{"start":{"line":20,"column":2},"end":{"line":20,"column":85}},"14":{"start":{"line":24,"column":2},"end":{"line":24,"column":26}},"15":{"start":{"line":24,"column":16},"end":{"line":24,"column":26}},"16":{"start":{"line":25,"column":40},"end":{"line":25,"column":58}},"17":{"start":{"line":26,"column":19},"end":{"line":26,"column":90}},"18":{"start":{"line":27,"column":2},"end":{"line":27,"column":50}},"19":{"start":{"line":28,"column":20},"end":{"line":28,"column":104}},"20":{"start":{"line":29,"column":2},"end":{"line":29,"column":36}}},"fnMap":{"0":{"name":"getKey","decl":{"start":{"line":6,"column":9},"end":{"line":6,"column":15}},"loc":{"start":{"line":6,"column":18},"end":{"line":12,"column":1}},"line":6},"1":{"name":"encryptNoteContent","decl":{"start":{"line":14,"column":16},"end":{"line":14,"column":34}},"loc":{"start":{"line":14,"column":46},"end":{"line":21,"column":1}},"line":14},"2":{"name":"decryptNoteContent","decl":{"start":{"line":23,"column":16},"end":{"line":23,"column":34}},"loc":{"start":{"line":23,"column":44},"end":{"line":30,"column":1}},"line":23}},"branchMap":{"0":{"loc":{"start":{"line":8,"column":2},"end":{"line":8,"column":66}},"type":"if","locations":[{"start":{"line":8,"column":2},"end":{"line":8,"column":66}},{"start":{},"end":{}}],"line":8},"1":{"loc":{"start":{"line":10,"column":2},"end":{"line":10,"column":85}},"type":"if","locations":[{"start":{"line":10,"column":2},"end":{"line":10,"column":85}},{"start":{},"end":{}}],"line":10},"2":{"loc":{"start":{"line":24,"column":2},"end":{"line":24,"column":26}},"type":"if","locations":[{"start":{"line":24,"column":2},"end":{"line":24,"column":26}},{"start":{},"end":{}}],"line":24}},"s":{"0":1,"1":1,"2":0,"3":0,"4":0,"5":0,"6":0,"7":0,"8":0,"9":0,"10":0,"11":0,"12":0,"13":0,"14":0,"15":0,"16":0,"17":0,"18":0,"19":0,"20":0},"f":{"0":0,"1":0,"2":0},"b":{"0":[0,0],"1":[0,0],"2":[0,0]},"_coverageSchema":"1a1c01bbd47fc00a2c39e90264f33305004495a9","hash":"0a9c52a1c61866fd67bee66ed0a0ac0ff982a5f5"}
,"C:\\Users\\Arya shrestha\\Music\\proj\\backend\\src\\db.js": {"path":"C:\\Users\\Arya shrestha\\Music\\proj\\backend\\src\\db.js","statementMap":{"0":{"start":{"line":4,"column":20},"end":{"line":10,"column":2}}},"fnMap":{},"branchMap":{},"s":{"0":1},"f":{},"b":{},"_coverageSchema":"1a1c01bbd47fc00a2c39e90264f33305004495a9","hash":"72ea013283d731b8f07891b7df19421fa09e5f26"}
,"C:\\Users\\Arya shrestha\\Music\\proj\\backend\\src\\index.js": {"path":"C:\\Users\\Arya shrestha\\Music\\proj\\backend\\src\\index.js","statementMap":{"0":{"start":{"line":10,"column":12},"end":{"line":10,"column":21}},"1":{"start":{"line":11,"column":0},"end":{"line":11,"column":24}},"2":{"start":{"line":12,"column":0},"end":{"line":12,"column":18}},"3":{"start":{"line":13,"column":0},"end":{"line":19,"column":2}},"4":{"start":{"line":20,"column":0},"end":{"line":20,"column":20}},"5":{"start":{"line":21,"column":0},"end":{"line":21,"column":30}},"6":{"start":{"line":23,"column":0},"end":{"line":23,"column":74}},"7":{"start":{"line":23,"column":34},"end":{"line":23,"column":72}},"8":{"start":{"line":25,"column":0},"end":{"line":40,"column":3}},"9":{"start":{"line":26,"column":30},"end":{"line":26,"column":38}},"10":{"start":{"line":27,"column":2},"end":{"line":27,"column":101}},"11":{"start":{"line":27,"column":27},"end":{"line":27,"column":101}},"12":{"start":{"line":29,"column":13},"end":{"line":29,"column":41}},"13":{"start":{"line":30,"column":2},"end":{"line":36,"column":3}},"14":{"start":{"line":32,"column":4},"end":{"line":32,"column":45}},"15":{"start":{"line":34,"column":18},"end":{"line":34,"column":56}},"16":{"start":{"line":35,"column":4},"end":{"line":35,"column":78}},"17":{"start":{"line":35,"column":16},"end":{"line":35,"column":78}},"18":{"start":{"line":38,"column":17},"end":{"line":38,"column":67}},"19":{"start":{"line":39,"column":2},"end":{"line":39,"column":75}},"20":{"start":{"line":42,"column":0},"end":{"line":45,"column":3}},"21":{"start":{"line":43,"column":16},"end":{"line":43,"column":55}},"22":{"start":{"line":44,"column":2},"end":{"line":44,"column":29}},"23":{"start":{"line":47,"column":0},"end":{"line":52,"column":3}},"24":{"start":{"line":48,"column":29},"end":{"line":48,"column":37}},"25":{"start":{"line":49,"column":2},"end":{"line":49,"column":99}},"26":{"start":{"line":49,"column":26},"end":{"line":49,"column":99}},"27":{"start":{"line":50,"column":15},"end":{"line":50,"column":74}},"28":{"start":{"line":51,"column":2},"end":{"line":51,"column":40}},"29":{"start":{"line":54,"column":0},"end":{"line":63,"column":3}},"30":{"start":{"line":55,"column":15},"end":{"line":60,"column":4}},"31":{"start":{"line":61,"column":2},"end":{"line":61,"column":69}},"32":{"start":{"line":61,"column":13},"end":{"line":61,"column":69}},"33":{"start":{"line":62,"column":2},"end":{"line":62,"column":28}},"34":{"start":{"line":65,"column":0},"end":{"line":69,"column":3}},"35":{"start":{"line":66,"column":13},"end":{"line":66,"column":82}},"36":{"start":{"line":67,"column":2},"end":{"line":67,"column":67}},"37":{"start":{"line":67,"column":11},"end":{"line":67,"column":67}},"38":{"start":{"line":68,"column":2},"end":{"line":68,"column":32}},"39":{"start":{"line":71,"column":0},"end":{"line":84,"column":3}},"40":{"start":{"line":72,"column":33},"end":{"line":72,"column":41}},"41":{"start":{"line":73,"column":2},"end":{"line":75,"column":3}},"42":{"start":{"line":74,"column":4},"end":{"line":74,"column":96}},"43":{"start":{"line":76,"column":15},"end":{"line":81,"column":4}},"44":{"start":{"line":82,"column":2},"end":{"line":82,"column":69}},"45":{"start":{"line":82,"column":13},"end":{"line":82,"column":69}},"46":{"start":{"line":83,"column":2},"end":{"line":83,"column":28}},"47":{"start":{"line":88,"column":0},"end":{"line":101,"column":1}},"48":{"start":{"line":89,"column":15},"end":{"line":89,"column":47}},"49":{"start":{"line":90,"column":2},"end":{"line":100,"column":7}},"50":{"start":{"line":92,"column":6},"end":{"line":95,"column":9}},"51":{"start":{"line":94,"column":8},"end":{"line":94,"column":52}},"52":{"start":{"line":98,"column":6},"end":{"line":98,"column":54}},"53":{"start":{"line":99,"column":6},"end":{"line":99,"column":22}}},"fnMap":{"0":{"name":"(anonymous_0)","decl":{"start":{"line":23,"column":19},"end":{"line":23,"column":20}},"loc":{"start":{"line":23,"column":34},"end":{"line":23,"column":72}},"line":23},"1":{"name":"(anonymous_1)","decl":{"start":{"line":25,"column":24},"end":{"line":25,"column":25}},"loc":{"start":{"line":25,"column":44},"end":{"line":40,"column":1}},"line":25},"2":{"name":"(anonymous_2)","decl":{"start":{"line":42,"column":30},"end":{"line":42,"column":31}},"loc":{"start":{"line":42,"column":50},"end":{"line":45,"column":1}},"line":42},"3":{"name":"(anonymous_3)","decl":{"start":{"line":47,"column":31},"end":{"line":47,"column":32}},"loc":{"start":{"line":47,"column":51},"end":{"line":52,"column":1}},"line":47},"4":{"name":"(anonymous_4)","decl":{"start":{"line":54,"column":36},"end":{"line":54,"column":37}},"loc":{"start":{"line":54,"column":56},"end":{"line":63,"column":1}},"line":54},"5":{"name":"(anonymous_5)","decl":{"start":{"line":65,"column":37},"end":{"line":65,"column":38}},"loc":{"start":{"line":65,"column":57},"end":{"line":69,"column":1}},"line":65},"6":{"name":"(anonymous_6)","decl":{"start":{"line":71,"column":41},"end":{"line":71,"column":42}},"loc":{"start":{"line":71,"column":61},"end":{"line":84,"column":1}},"line":71},"7":{"name":"(anonymous_7)","decl":{"start":{"line":91,"column":10},"end":{"line":91,"column":11}},"loc":{"start":{"line":91,"column":16},"end":{"line":96,"column":5}},"line":91},"8":{"name":"(anonymous_8)","decl":{"start":{"line":92,"column":23},"end":{"line":92,"column":24}},"loc":{"start":{"line":92,"column":29},"end":{"line":95,"column":7}},"line":92},"9":{"name":"(anonymous_9)","decl":{"start":{"line":97,"column":11},"end":{"line":97,"column":12}},"loc":{"start":{"line":97,"column":22},"end":{"line":100,"column":5}},"line":97}},"branchMap":{"0":{"loc":{"start":{"line":27,"column":2},"end":{"line":27,"column":101}},"type":"if","locations":[{"start":{"line":27,"column":2},"end":{"line":27,"column":101}},{"start":{},"end":{}}],"line":27},"1":{"loc":{"start":{"line":27,"column":6},"end":{"line":27,"column":25}},"type":"binary-expr","locations":[{"start":{"line":27,"column":6},"end":{"line":27,"column":12}},{"start":{"line":27,"column":16},"end":{"line":27,"column":25}}],"line":27},"2":{"loc":{"start":{"line":30,"column":2},"end":{"line":36,"column":3}},"type":"if","locations":[{"start":{"line":30,"column":2},"end":{"line":36,"column":3}},{"start":{"line":33,"column":9},"end":{"line":36,"column":3}}],"line":30},"3":{"loc":{"start":{"line":35,"column":4},"end":{"line":35,"column":78}},"type":"if","locations":[{"start":{"line":35,"column":4},"end":{"line":35,"column":78}},{"start":{},"end":{}}],"line":35},"4":{"loc":{"start":{"line":49,"column":2},"end":{"line":49,"column":99}},"type":"if","locations":[{"start":{"line":49,"column":2},"end":{"line":49,"column":99}},{"start":{},"end":{}}],"line":49},"5":{"loc":{"start":{"line":49,"column":6},"end":{"line":49,"column":24}},"type":"binary-expr","locations":[{"start":{"line":49,"column":6},"end":{"line":49,"column":12}},{"start":{"line":49,"column":16},"end":{"line":49,"column":24}}],"line":49},"6":{"loc":{"start":{"line":61,"column":2},"end":{"line":61,"column":69}},"type":"if","locations":[{"start":{"line":61,"column":2},"end":{"line":61,"column":69}},{"start":{},"end":{}}],"line":61},"7":{"loc":{"start":{"line":67,"column":2},"end":{"line":67,"column":67}},"type":"if","locations":[{"start":{"line":67,"column":2},"end":{"line":67,"column":67}},{"start":{},"end":{}}],"line":67},"8":{"loc":{"start":{"line":73,"column":2},"end":{"line":75,"column":3}},"type":"if","locations":[{"start":{"line":73,"column":2},"end":{"line":75,"column":3}},{"start":{},"end":{}}],"line":73},"9":{"loc":{"start":{"line":73,"column":6},"end":{"line":73,"column":59}},"type":"binary-expr","locations":[{"start":{"line":73,"column":6},"end":{"line":73,"column":19}},{"start":{"line":73,"column":23},"end":{"line":73,"column":59}}],"line":73},"10":{"loc":{"start":{"line":82,"column":2},"end":{"line":82,"column":69}},"type":"if","locations":[{"start":{"line":82,"column":2},"end":{"line":82,"column":69}},{"start":{},"end":{}}],"line":82},"11":{"loc":{"start":{"line":88,"column":0},"end":{"line":101,"column":1}},"type":"if","locations":[{"start":{"line":88,"column":0},"end":{"line":101,"column":1}},{"start":{},"end":{}}],"line":88},"12":{"loc":{"start":{"line":89,"column":22},"end":{"line":89,"column":46}},"type":"binary-expr","locations":[{"start":{"line":89,"column":22},"end":{"line":89,"column":38}},{"start":{"line":89,"column":42},"end":{"line":89,"column":46}}],"line":89}},"s":{"0":1,"1":1,"2":1,"3":1,"4":1,"5":1,"6":1,"7":1,"8":1,"9":0,"10":0,"11":0,"12":0,"13":0,"14":0,"15":0,"16":0,"17":0,"18":0,"19":0,"20":1,"21":0,"22":0,"23":1,"24":0,"25":0,"26":0,"27":0,"28":0,"29":1,"30":0,"31":0,"32":0,"33":0,"34":1,"35":0,"36":0,"37":0,"38":0,"39":1,"40":0,"41":0,"42":0,"43":0,"44":0,"45":0,"46":0,"47":1,"48":0,"49":0,"50":0,"51":0,"52":0,"53":0},"f":{"0":1,"1":0,"2":0,"3":0,"4":0,"5":0,"6":0,"7":0,"8":0,"9":0},"b":{"0":[0,0],"1":[0,0],"2":[0,0],"3":[0,0],"4":[0,0],"5":[0,0],"6":[0,0],"7":[0,0],"8":[0,0],"9":[0,0],"10":[0,0],"11":[0,1],"12":[0,0]},"_coverageSchema":"1a1c01bbd47fc00a2c39e90264f33305004495a9","hash":"cc861b18b6cf3be37967a240ffacf1bf07b2aebd"}
,"C:\\Users\\Arya shrestha\\Music\\proj\\backend\\src\\middleware\\auth.js": {"path":"C:\\Users\\Arya shrestha\\Music\\proj\\backend\\src\\middleware\\auth.js","statementMap":{"0":{"start":{"line":3,"column":19},"end":{"line":3,"column":24}},"1":{"start":{"line":4,"column":20},"end":{"line":4,"column":24}},"2":{"start":{"line":7,"column":21},"end":{"line":7,"column":48}},"3":{"start":{"line":8,"column":20},"end":{"line":8,"column":46}},"4":{"start":{"line":9,"column":2},"end":{"line":11,"column":3}},"5":{"start":{"line":10,"column":4},"end":{"line":10,"column":77}},"6":{"start":{"line":12,"column":2},"end":{"line":12,"column":35}},"7":{"start":{"line":16,"column":25},"end":{"line":16,"column":34}},"8":{"start":{"line":18,"column":22},"end":{"line":18,"column":98}},"9":{"start":{"line":19,"column":23},"end":{"line":19,"column":100}},"10":{"start":{"line":20,"column":2},"end":{"line":20,"column":39}},"11":{"start":{"line":24,"column":21},"end":{"line":24,"column":52}},"12":{"start":{"line":25,"column":16},"end":{"line":25,"column":75}},"13":{"start":{"line":26,"column":2},"end":{"line":26,"column":77}},"14":{"start":{"line":26,"column":14},"end":{"line":26,"column":77}},"15":{"start":{"line":28,"column":2},"end":{"line":34,"column":3}},"16":{"start":{"line":29,"column":26},"end":{"line":29,"column":35}},"17":{"start":{"line":30,"column":4},"end":{"line":30,"column":71}},"18":{"start":{"line":31,"column":4},"end":{"line":31,"column":18}},"19":{"start":{"line":33,"column":4},"end":{"line":33,"column":71}}},"fnMap":{"0":{"name":"getKeys","decl":{"start":{"line":6,"column":9},"end":{"line":6,"column":16}},"loc":{"start":{"line":6,"column":19},"end":{"line":13,"column":1}},"line":6},"1":{"name":"signTokenPair","decl":{"start":{"line":15,"column":16},"end":{"line":15,"column":29}},"loc":{"start":{"line":15,"column":39},"end":{"line":21,"column":1}},"line":15},"2":{"name":"verifyAuth","decl":{"start":{"line":23,"column":16},"end":{"line":23,"column":26}},"loc":{"start":{"line":23,"column":43},"end":{"line":35,"column":1}},"line":23}},"branchMap":{"0":{"loc":{"start":{"line":9,"column":2},"end":{"line":11,"column":3}},"type":"if","locations":[{"start":{"line":9,"column":2},"end":{"line":11,"column":3}},{"start":{},"end":{}}],"line":9},"1":{"loc":{"start":{"line":9,"column":6},"end":{"line":9,"column":31}},"type":"binary-expr","locations":[{"start":{"line":9,"column":6},"end":{"line":9,"column":17}},{"start":{"line":9,"column":21},"end":{"line":9,"column":31}}],"line":9},"2":{"loc":{"start":{"line":24,"column":21},"end":{"line":24,"column":52}},"type":"binary-expr","locations":[{"start":{"line":24,"column":21},"end":{"line":24,"column":46}},{"start":{"line":24,"column":50},"end":{"line":24,"column":52}}],"line":24},"3":{"loc":{"start":{"line":25,"column":16},"end":{"line":25,"column":75}},"type":"cond-expr","locations":[{"start":{"line":25,"column":51},"end":{"line":25,"column":70}},{"start":{"line":25,"column":73},"end":{"line":25,"column":75}}],"line":25},"4":{"loc":{"start":{"line":26,"column":2},"end":{"line":26,"column":77}},"type":"if","locations":[{"start":{"line":26,"column":2},"end":{"line":26,"column":77}},{"start":{},"end":{}}],"line":26}},"s":{"0":1,"1":1,"2":0,"3":0,"4":0,"5":0,"6":0,"7":0,"8":0,"9":0,"10":0,"11":0,"12":0,"13":0,"14":0,"15":0,"16":0,"17":0,"18":0,"19":0},"f":{"0":0,"1":0,"2":0},"b":{"0":[0,0],"1":[0,0],"2":[0,0],"3":[0,0],"4":[0,0]},"_coverageSchema":"1a1c01bbd47fc00a2c39e90264f33305004495a9","hash":"4acd65fb89761d25044c678fd986458e49a9af2a"}
,"C:\\Users\\Arya shrestha\\Music\\proj\\backend\\src\\middleware\\rateLimit.js": {"path":"C:\\Users\\Arya shrestha\\Music\\proj\\backend\\src\\middleware\\rateLimit.js","statementMap":{"0":{"start":{"line":4,"column":26},"end":{"line":9,"column":2}},"1":{"start":{"line":12,"column":27},"end":{"line":17,"column":2}}},"fnMap":{},"branchMap":{},"s":{"0":1,"1":1},"f":{},"b":{},"_coverageSchema":"1a1c01bbd47fc00a2c39e90264f33305004495a9","hash":"451c1955ad28949ffcf3c226083bace53cf227ac"}
,"C:\\Users\\Arya shrestha\\Music\\proj\\backend\\src\\models\\note.js": {"path":"C:\\Users\\Arya shrestha\\Music\\proj\\backend\\src\\models\\note.js","statementMap":{"0":{"start":{"line":5,"column":2},"end":{"line":15,"column":5}},"1":{"start":{"line":19,"column":2},"end":{"line":23,"column":4}},"2":{"start":{"line":27,"column":2},"end":{"line":27,"column":123}},"3":{"start":{"line":31,"column":2},"end":{"line":31,"column":91}},"4":{"start":{"line":35,"column":17},"end":{"line":35,"column":81}},"5":{"start":{"line":36,"column":2},"end":{"line":38,"column":74}},"6":{"start":{"line":37,"column":21},"end":{"line":37,"column":59}},"7":{"start":{"line":38,"column":19},"end":{"line":38,"column":71}},"8":{"start":{"line":42,"column":14},"end":{"line":42,"column":33}},"9":{"start":{"line":44,"column":27},"end":{"line":44,"column":54}},"10":{"start":{"line":45,"column":17},"end":{"line":48,"column":3}},"11":{"start":{"line":49,"column":2},"end":{"line":49,"column":40}},"12":{"start":{"line":53,"column":19},"end":{"line":53,"column":78}},"13":{"start":{"line":54,"column":14},"end":{"line":54,"column":30}},"14":{"start":{"line":55,"column":2},"end":{"line":55,"column":67}},"15":{"start":{"line":55,"column":55},"end":{"line":55,"column":67}},"16":{"start":{"line":57,"column":19},"end":{"line":57,"column":37}},"17":{"start":{"line":58,"column":21},"end":{"line":58,"column":63}},"18":{"start":{"line":59,"column":27},"end":{"line":59,"column":57}},"19":{"start":{"line":60,"column":17},"end":{"line":63,"column":3}},"20":{"start":{"line":64,"column":2},"end":{"line":64,"column":52}},"21":{"start":{"line":68,"column":19},"end":{"line":68,"column":78}},"22":{"start":{"line":69,"column":14},"end":{"line":69,"column":30}},"23":{"start":{"line":70,"column":2},"end":{"line":70,"column":52}},"24":{"start":{"line":70,"column":39},"end":{"line":70,"column":52}},"25":{"start":{"line":71,"column":2},"end":{"line":71,"column":60}},"26":{"start":{"line":72,"column":2},"end":{"line":72,"column":14}},"27":{"start":{"line":76,"column":19},"end":{"line":76,"column":78}},"28":{"start":{"line":77,"column":14},"end":{"line":77,"column":30}},"29":{"start":{"line":78,"column":2},"end":{"line":78,"column":51}},"30":{"start":{"line":78,"column":39},"end":{"line":78,"column":51}},"31":{"start":{"line":80,"column":14},"end":{"line":80,"column":28}},"32":{"start":{"line":81,"column":2},"end":{"line":81,"column":32}},"33":{"start":{"line":82,"column":2},"end":{"line":82,"column":32}},"34":{"start":{"line":83,"column":2},"end":{"line":83,"column":42}},"35":{"start":{"line":84,"column":2},"end":{"line":84,"column":64}},"36":{"start":{"line":84,"column":42},"end":{"line":84,"column":62}},"37":{"start":{"line":85,"column":2},"end":{"line":85,"column":64}},"38":{"start":{"line":85,"column":42},"end":{"line":85,"column":62}},"39":{"start":{"line":87,"column":2},"end":{"line":87,"column":55}},"40":{"start":{"line":87,"column":25},"end":{"line":87,"column":55}},"41":{"start":{"line":88,"column":2},"end":{"line":88,"column":55}},"42":{"start":{"line":88,"column":25},"end":{"line":88,"column":55}},"43":{"start":{"line":90,"column":17},"end":{"line":93,"column":4}},"44":{"start":{"line":94,"column":2},"end":{"line":94,"column":84}}},"fnMap":{"0":{"name":"ensureNotesTable","decl":{"start":{"line":4,"column":22},"end":{"line":4,"column":38}},"loc":{"start":{"line":4,"column":41},"end":{"line":16,"column":1}},"line":4},"1":{"name":"defaultAcl","decl":{"start":{"line":18,"column":16},"end":{"line":18,"column":26}},"loc":{"start":{"line":18,"column":36},"end":{"line":24,"column":1}},"line":18},"2":{"name":"canView","decl":{"start":{"line":26,"column":9},"end":{"line":26,"column":16}},"loc":{"start":{"line":26,"column":39},"end":{"line":28,"column":1}},"line":26},"3":{"name":"canEdit","decl":{"start":{"line":30,"column":9},"end":{"line":30,"column":16}},"loc":{"start":{"line":30,"column":39},"end":{"line":32,"column":1}},"line":30},"4":{"name":"listAccessibleNotes","decl":{"start":{"line":34,"column":22},"end":{"line":34,"column":41}},"loc":{"start":{"line":34,"column":50},"end":{"line":39,"column":1}},"line":34},"5":{"name":"(anonymous_5)","decl":{"start":{"line":37,"column":12},"end":{"line":37,"column":13}},"loc":{"start":{"line":37,"column":21},"end":{"line":37,"column":59}},"line":37},"6":{"name":"(anonymous_6)","decl":{"start":{"line":38,"column":9},"end":{"line":38,"column":10}},"loc":{"start":{"line":38,"column":19},"end":{"line":38,"column":71}},"line":38},"7":{"name":"createNote","decl":{"start":{"line":41,"column":22},"end":{"line":41,"column":32}},"loc":{"start":{"line":41,"column":62},"end":{"line":50,"column":1}},"line":41},"8":{"name":"updateNote","decl":{"start":{"line":52,"column":22},"end":{"line":52,"column":32}},"loc":{"start":{"line":52,"column":65},"end":{"line":65,"column":1}},"line":52},"9":{"name":"deleteNote","decl":{"start":{"line":67,"column":22},"end":{"line":67,"column":32}},"loc":{"start":{"line":67,"column":49},"end":{"line":73,"column":1}},"line":67},"10":{"name":"shareNote","decl":{"start":{"line":75,"column":22},"end":{"line":75,"column":31}},"loc":{"start":{"line":75,"column":68},"end":{"line":95,"column":1}},"line":75},"11":{"name":"(anonymous_11)","decl":{"start":{"line":84,"column":33},"end":{"line":84,"column":34}},"loc":{"start":{"line":84,"column":42},"end":{"line":84,"column":62}},"line":84},"12":{"name":"(anonymous_12)","decl":{"start":{"line":85,"column":33},"end":{"line":85,"column":34}},"loc":{"start":{"line":85,"column":42},"end":{"line":85,"column":62}},"line":85}},"branchMap":{"0":{"loc":{"start":{"line":27,"column":9},"end":{"line":27,"column":122}},"type":"binary-expr","locations":[{"start":{"line":27,"column":9},"end":{"line":27,"column":27}},{"start":{"line":27,"column":31},"end":{"line":27,"column":58}},{"start":{"line":27,"column":62},"end":{"line":27,"column":90}},{"start":{"line":27,"column":94},"end":{"line":27,"column":122}}],"line":27},"1":{"loc":{"start":{"line":31,"column":9},"end":{"line":31,"column":90}},"type":"binary-expr","locations":[{"start":{"line":31,"column":9},"end":{"line":31,"column":27}},{"start":{"line":31,"column":31},"end":{"line":31,"column":58}},{"start":{"line":31,"column":62},"end":{"line":31,"column":90}}],"line":31},"2":{"loc":{"start":{"line":55,"column":2},"end":{"line":55,"column":67}},"type":"if","locations":[{"start":{"line":55,"column":2},"end":{"line":55,"column":67}},{"start":{},"end":{}}],"line":55},"3":{"loc":{"start":{"line":55,"column":6},"end":{"line":55,"column":53}},"type":"binary-expr","locations":[{"start":{"line":55,"column":6},"end":{"line":55,"column":10}},{"start":{"line":55,"column":14},"end":{"line":55,"column":53}}],"line":55},"4":{"loc":{"start":{"line":57,"column":19},"end":{"line":57,"column":37}},"type":"binary-expr","locations":[{"start":{"line":57,"column":19},"end":{"line":57,"column":24}},{"start":{"line":57,"column":28},"end":{"line":57,"column":37}}],"line":57},"5":{"loc":{"start":{"line":58,"column":21},"end":{"line":58,"column":63}},"type":"binary-expr","locations":[{"start":{"line":58,"column":21},"end":{"line":58,"column":28}},{"start":{"line":58,"column":32},"end":{"line":58,"column":63}}],"line":58},"6":{"loc":{"start":{"line":70,"column":2},"end":{"line":70,"column":52}},"type":"if","locations":[{"start":{"line":70,"column":2},"end":{"line":70,"column":52}},{"start":{},"end":{}}],"line":70},"7":{"loc":{"start":{"line":70,"column":6},"end":{"line":70,"column":37}},"type":"binary-expr","locations":[{"start":{"line":70,"column":6},"end":{"line":70,"column":10}},{"start":{"line":70,"column":14},"end":{"line":70,"column":37}}],"line":70},"8":{"loc":{"start":{"line":78,"column":2},"end":{"line":78,"column":51}},"type":"if","locations":[{"start":{"line":78,"column":2},"end":{"line":78,"column":51}},{"start":{},"end":{}}],"line":78},"9":{"loc":{"start":{"line":78,"column":6},"end":{"line":78,"column":37}},"type":"binary-expr","locations":[{"start":{"line":78,"column":6},"end":{"line":78,"column":10}},{"start":{"line":78,"column":14},"end":{"line":78,"column":37}}],"line":78},"10":{"loc":{"start":{"line":81,"column":15},"end":{"line":81,"column":31}},"type":"binary-expr","locations":[{"start":{"line":81,"column":15},"end":{"line":81,"column":25}},{"start":{"line":81,"column":29},"end":{"line":81,"column":31}}],"line":81},"11":{"loc":{"start":{"line":82,"column":15},"end":{"line":82,"column":31}},"type":"binary-expr","locations":[{"start":{"line":82,"column":15},"end":{"line":82,"column":25}},{"start":{"line":82,"column":29},"end":{"line":82,"column":31}}],"line":82},"12":{"loc":{"start":{"line":83,"column":14},"end":{"line":83,"column":41}},"type":"binary-expr","locations":[{"start":{"line":83,"column":14},"end":{"line":83,"column":23}},{"start":{"line":83,"column":27},"end":{"line":83,"column":41}}],"line":83},"13":{"loc":{"start":{"line":87,"column":2},"end":{"line":87,"column":55}},"type":"if","locations":[{"start":{"line":87,"column":2},"end":{"line":87,"column":55}},{"start":{},"end":{}}],"line":87},"14":{"loc":{"start":{"line":88,"column":2},"end":{"line":88,"column":55}},"type":"if","locations":[{"start":{"line":88,"column":2},"end":{"line":88,"column":55}},{"start":{},"end":{}}],"line":88}},"s":{"0":0,"1":0,"2":0,"3":0,"4":0,"5":0,"6":0,"7":0,"8":0,"9":0,"10":0,"11":0,"12":0,"13":0,"14":0,"15":0,"16":0,"17":0,"18":0,"19":0,"20":0,"21":0,"22":0,"23":0,"24":0,"25":0,"26":0,"27":0,"28":0,"29":0,"30":0,"31":0,"32":0,"33":0,"34":0,"35":0,"36":0,"37":0,"38":0,"39":0,"40":0,"41":0,"42":0,"43":0,"44":0},"f":{"0":0,"1":0,"2":0,"3":0,"4":0,"5":0,"6":0,"7":0,"8":0,"9":0,"10":0,"11":0,"12":0},"b":{"0":[0,0,0,0],"1":[0,0,0],"2":[0,0],"3":[0,0],"4":[0,0],"5":[0,0],"6":[0,0],"7":[0,0],"8":[0,0],"9":[0,0],"10":[0,0],"11":[0,0],"12":[0,0],"13":[0,0],"14":[0,0]},"_coverageSchema":"1a1c01bbd47fc00a2c39e90264f33305004495a9","hash":"b8299057ba944ab09c23ebeae69bf27e98f6d4d5"}
,"C:\\Users\\Arya shrestha\\Music\\proj\\backend\\src\\models\\user.js": {"path":"C:\\Users\\Arya shrestha\\Music\\proj\\backend\\src\\models\\user.js","statementMap":{"0":{"start":{"line":4,"column":20},"end":{"line":4,"column":22}},"1":{"start":{"line":7,"column":2},"end":{"line":14,"column":5}},"2":{"start":{"line":19,"column":23},"end":{"line":19,"column":63}},"3":{"start":{"line":20,"column":17},"end":{"line":23,"column":3}},"4":{"start":{"line":24,"column":2},"end":{"line":24,"column":24}},"5":{"start":{"line":28,"column":17},"end":{"line":28,"column":82}},"6":{"start":{"line":29,"column":2},"end":{"line":29,"column":32}},"7":{"start":{"line":33,"column":2},"end":{"line":33,"column":54}}},"fnMap":{"0":{"name":"ensureUsersTable","decl":{"start":{"line":6,"column":22},"end":{"line":6,"column":38}},"loc":{"start":{"line":6,"column":41},"end":{"line":15,"column":1}},"line":6},"1":{"name":"createUser","decl":{"start":{"line":17,"column":22},"end":{"line":17,"column":32}},"loc":{"start":{"line":17,"column":50},"end":{"line":25,"column":1}},"line":17},"2":{"name":"findUserByEmail","decl":{"start":{"line":27,"column":22},"end":{"line":27,"column":37}},"loc":{"start":{"line":27,"column":45},"end":{"line":30,"column":1}},"line":27},"3":{"name":"validatePassword","decl":{"start":{"line":32,"column":22},"end":{"line":32,"column":38}},"loc":{"start":{"line":32,"column":55},"end":{"line":34,"column":1}},"line":32}},"branchMap":{"0":{"loc":{"start":{"line":29,"column":9},"end":{"line":29,"column":31}},"type":"binary-expr","locations":[{"start":{"line":29,"column":9},"end":{"line":29,"column":23}},{"start":{"line":29,"column":27},"end":{"line":29,"column":31}}],"line":29}},"s":{"0":1,"1":0,"2":0,"3":0,"4":0,"5":0,"6":0,"7":0},"f":{"0":0,"1":0,"2":0,"3":0},"b":{"0":[0,0]},"_coverageSchema":"1a1c01bbd47fc00a2c39e90264f33305004495a9","hash":"3319cb3e9c43825407896814e895e2d86935641d"}
}
