TN:
SF:src\crypto.js
FN:6,getKey
FN:14,encryptNoteContent
FN:23,decryptNoteContent
FNF:3
FNH:0
FNDA:0,getKey
FNDA:0,encryptNoteContent
FNDA:0,decryptNoteContent
DA:3,1
DA:4,1
DA:7,0
DA:8,0
DA:9,0
DA:10,0
DA:11,0
DA:16,0
DA:17,0
DA:18,0
DA:19,0
DA:20,0
DA:24,0
DA:25,0
DA:26,0
DA:27,0
DA:28,0
DA:29,0
LF:18
LH:2
BRDA:8,0,0,0
BRDA:8,0,1,0
BRDA:10,1,0,0
BRDA:10,1,1,0
BRDA:24,2,0,0
BRDA:24,2,1,0
BRF:6
BRH:0
end_of_record
TN:
SF:src\db.js
FNF:0
FNH:0
DA:4,1
DA:7,1
LF:2
LH:2
BRF:0
BRH:0
end_of_record
TN:
SF:src\index.js
FN:16,(anonymous_0)
FN:30,(anonymous_1)
FN:32,(anonymous_2)
FN:54,(anonymous_3)
FN:66,(anonymous_4)
FN:83,(anonymous_5)
FN:90,(anonymous_6)
FN:99,(anonymous_7)
FN:104,(anonymous_8)
FN:111,(anonymous_9)
FN:126,(anonymous_10)
FN:132,(anonymous_11)
FN:162,(anonymous_12)
FN:166,(anonymous_13)
FN:170,(anonymous_14)
FNF:15
FNH:2
FNDA:1,(anonymous_0)
FNDA:1,(anonymous_1)
FNDA:0,(anonymous_2)
FNDA:0,(anonymous_3)
FNDA:0,(anonymous_4)
FNDA:0,(anonymous_5)
FNDA:0,(anonymous_6)
FNDA:0,(anonymous_7)
FNDA:0,(anonymous_8)
FNDA:0,(anonymous_9)
FNDA:0,(anonymous_10)
FNDA:0,(anonymous_11)
FNDA:0,(anonymous_12)
FNDA:0,(anonymous_13)
FNDA:0,(anonymous_14)
DA:11,1
DA:12,1
DA:13,1
DA:14,1
DA:17,1
DA:18,1
DA:19,1
DA:21,0
DA:27,1
DA:28,1
DA:30,1
DA:32,1
DA:33,0
DA:34,0
DA:36,0
DA:37,0
DA:38,0
DA:41,0
DA:42,0
DA:44,0
DA:45,0
DA:46,0
DA:47,0
DA:48,0
DA:50,0
DA:54,1
DA:55,0
DA:56,0
DA:58,0
DA:59,0
DA:61,0
DA:62,0
DA:63,0
DA:66,1
DA:67,0
DA:68,0
DA:70,0
DA:71,0
DA:73,0
DA:75,0
DA:76,0
DA:78,0
DA:79,0
DA:83,1
DA:84,0
DA:85,0
DA:87,0
DA:90,1
DA:91,0
DA:92,0
DA:93,0
DA:95,0
DA:99,1
DA:100,0
DA:101,0
DA:104,1
DA:105,0
DA:106,0
DA:107,0
DA:108,0
DA:111,1
DA:112,0
DA:122,0
DA:123,0
DA:126,1
DA:127,0
DA:128,0
DA:129,0
DA:132,1
DA:133,0
DA:134,0
DA:135,0
DA:138,0
DA:139,0
DA:140,0
DA:143,0
DA:144,0
DA:147,0
DA:154,0
DA:155,0
DA:160,1
DA:161,0
DA:162,0
DA:163,0
DA:164,0
DA:165,0
DA:166,0
DA:168,0
DA:171,0
DA:172,0
LF:90
LH:21
BRDA:18,0,0,1
BRDA:18,0,1,0
BRDA:18,1,0,1
BRDA:18,1,1,0
BRDA:34,2,0,0
BRDA:34,2,1,0
BRDA:34,3,0,0
BRDA:34,3,1,0
BRDA:37,4,0,0
BRDA:37,4,1,0
BRDA:42,5,0,0
BRDA:42,5,1,0
BRDA:56,6,0,0
BRDA:56,6,1,0
BRDA:56,7,0,0
BRDA:56,7,1,0
BRDA:59,8,0,0
BRDA:59,8,1,0
BRDA:68,9,0,0
BRDA:68,9,1,0
BRDA:68,10,0,0
BRDA:68,10,1,0
BRDA:71,11,0,0
BRDA:71,11,1,0
BRDA:73,12,0,0
BRDA:73,12,1,0
BRDA:76,13,0,0
BRDA:76,13,1,0
BRDA:84,14,0,0
BRDA:84,14,1,0
BRDA:106,15,0,0
BRDA:106,15,1,0
BRDA:106,16,0,0
BRDA:106,16,1,0
BRDA:107,17,0,0
BRDA:107,17,1,0
BRDA:122,18,0,0
BRDA:122,18,1,0
BRDA:128,19,0,0
BRDA:128,19,1,0
BRDA:134,20,0,0
BRDA:134,20,1,0
BRDA:134,21,0,0
BRDA:134,21,1,0
BRDA:139,22,0,0
BRDA:139,22,1,0
BRDA:143,23,0,0
BRDA:143,23,1,0
BRDA:154,24,0,0
BRDA:154,24,1,0
BRDA:160,25,0,0
BRDA:160,25,1,1
BRDA:161,26,0,0
BRDA:161,26,1,0
BRF:54
BRH:3
end_of_record
TN:
SF:src\mailer.js
FN:3,sendVerificationCode
FNF:1
FNH:0
FNDA:0,sendVerificationCode
DA:5,0
DA:6,0
DA:7,0
DA:8,0
DA:9,0
DA:10,0
DA:11,0
DA:14,0
DA:24,0
LF:9
LH:0
BRDA:5,0,0,0
BRDA:5,0,1,0
BRDA:16,1,0,0
BRDA:16,1,1,0
BRDA:25,2,0,0
BRDA:25,2,1,0
BRF:6
BRH:0
end_of_record
TN:
SF:src\middleware\auth.js
FN:6,getKeys
FN:15,signTokenPair
FN:23,verifyAuth
FNF:3
FNH:0
FNDA:0,getKeys
FNDA:0,signTokenPair
FNDA:0,verifyAuth
DA:3,1
DA:4,1
DA:7,0
DA:8,0
DA:9,0
DA:10,0
DA:12,0
DA:16,0
DA:18,0
DA:19,0
DA:20,0
DA:24,0
DA:25,0
DA:26,0
DA:28,0
DA:29,0
DA:30,0
DA:31,0
DA:33,0
LF:19
LH:2
BRDA:9,0,0,0
BRDA:9,0,1,0
BRDA:9,1,0,0
BRDA:9,1,1,0
BRDA:24,2,0,0
BRDA:24,2,1,0
BRDA:25,3,0,0
BRDA:25,3,1,0
BRDA:26,4,0,0
BRDA:26,4,1,0
BRF:10
BRH:0
end_of_record
TN:
SF:src\middleware\rateLimit.js
FNF:0
FNH:0
DA:4,1
DA:12,1
LF:2
LH:2
BRF:0
BRH:0
end_of_record
TN:
SF:src\models\note.js
FN:4,ensureNotesTable
FN:29,defaultAcl
FN:37,canView
FN:41,canEdit
FN:45,listAccessibleNotes
FN:48,(anonymous_5)
FN:49,(anonymous_6)
FN:52,createNote
FN:63,updateNote
FN:83,deleteNote
FN:91,shareNote
FN:100,(anonymous_11)
FN:101,(anonymous_12)
FNF:13
FNH:0
FNDA:0,ensureNotesTable
FNDA:0,defaultAcl
FNDA:0,canView
FNDA:0,canEdit
FNDA:0,listAccessibleNotes
FNDA:0,(anonymous_5)
FNDA:0,(anonymous_6)
FNDA:0,createNote
FNDA:0,updateNote
FNDA:0,deleteNote
FNDA:0,shareNote
FNDA:0,(anonymous_11)
FNDA:0,(anonymous_12)
DA:5,0
DA:21,0
DA:30,0
DA:38,0
DA:42,0
DA:46,0
DA:47,0
DA:48,0
DA:49,0
DA:53,0
DA:55,0
DA:56,0
DA:60,0
DA:64,0
DA:65,0
DA:66,0
DA:68,0
DA:69,0
DA:70,0
DA:71,0
DA:72,0
DA:73,0
DA:74,0
DA:76,0
DA:80,0
DA:84,0
DA:85,0
DA:86,0
DA:87,0
DA:88,0
DA:92,0
DA:93,0
DA:94,0
DA:96,0
DA:97,0
DA:98,0
DA:99,0
DA:100,0
DA:101,0
DA:103,0
DA:104,0
DA:106,0
DA:110,0
LF:43
LH:0
BRDA:38,0,0,0
BRDA:38,0,1,0
BRDA:38,0,2,0
BRDA:38,0,3,0
BRDA:42,1,0,0
BRDA:42,1,1,0
BRDA:42,1,2,0
BRDA:52,2,0,0
BRDA:66,3,0,0
BRDA:66,3,1,0
BRDA:66,4,0,0
BRDA:66,4,1,0
BRDA:68,5,0,0
BRDA:68,5,1,0
BRDA:69,6,0,0
BRDA:69,6,1,0
BRDA:71,7,0,0
BRDA:71,7,1,0
BRDA:72,8,0,0
BRDA:72,8,1,0
BRDA:73,9,0,0
BRDA:73,9,1,0
BRDA:74,10,0,0
BRDA:74,10,1,0
BRDA:86,11,0,0
BRDA:86,11,1,0
BRDA:86,12,0,0
BRDA:86,12,1,0
BRDA:94,13,0,0
BRDA:94,13,1,0
BRDA:94,14,0,0
BRDA:94,14,1,0
BRDA:97,15,0,0
BRDA:97,15,1,0
BRDA:98,16,0,0
BRDA:98,16,1,0
BRDA:99,17,0,0
BRDA:99,17,1,0
BRDA:103,18,0,0
BRDA:103,18,1,0
BRDA:104,19,0,0
BRDA:104,19,1,0
BRF:42
BRH:0
end_of_record
TN:
SF:src\models\user.js
FN:6,ensureUsersTable
FN:26,ensureAdminUser
FN:49,createUser
FN:59,verifyUser
FN:67,findUserByEmail
FN:72,getAllUsers
FN:77,validatePassword
FNF:7
FNH:0
FNDA:0,ensureUsersTable
FNDA:0,ensureAdminUser
FNDA:0,createUser
FNDA:0,verifyUser
FNDA:0,findUserByEmail
FNDA:0,getAllUsers
FNDA:0,validatePassword
DA:4,1
DA:7,0
DA:19,0
DA:27,0
DA:28,0
DA:30,0
DA:31,0
DA:32,0
DA:35,0
DA:36,0
DA:37,0
DA:38,0
DA:41,0
DA:42,0
DA:51,0
DA:52,0
DA:56,0
DA:60,0
DA:64,0
DA:68,0
DA:69,0
DA:73,0
DA:74,0
DA:78,0
LF:24
LH:1
BRDA:30,0,0,0
BRDA:30,0,1,0
BRDA:30,1,0,0
BRDA:30,1,1,0
BRDA:36,2,0,0
BRDA:36,2,1,0
BRDA:49,3,0,0
BRDA:49,4,0,0
BRDA:49,5,0,0
BRDA:69,6,0,0
BRDA:69,6,1,0
BRF:11
BRH:0
end_of_record
